[2020-04-03 13:42:57,219] multiqc                                            [DEBUG  ]  No MultiQC config found: /sw/bioinfo/MultiQC/1.8/rackham/lib/python3.6/site-packages/multiqc_config.yaml
[2020-04-03 13:42:57,220] multiqc                                            [DEBUG  ]  No MultiQC config found: /home/alvaa/.multiqc_config.yaml
[2020-04-03 13:42:57,220] multiqc                                            [DEBUG  ]  No MultiQC config found: multiqc_config.yaml
[2020-04-03 13:42:57,220] multiqc                                            [DEBUG  ]  Command used: /sw/bioinfo/MultiQC/1.8/rackham/bin/multiqc 01_quality_raw_reads/
[2020-04-03 13:42:57,653] multiqc                                            [DEBUG  ]  Latest MultiQC version is v1.8
[2020-04-03 13:42:57,654] multiqc                                            [INFO   ]  This is MultiQC v1.8
[2020-04-03 13:42:57,654] multiqc                                            [DEBUG  ]  Command     : /sw/bioinfo/MultiQC/1.8/rackham/bin/multiqc 01_quality_raw_reads/
[2020-04-03 13:42:57,654] multiqc                                            [DEBUG  ]  Working dir : /domus/h1/alvaa/private/RNA
[2020-04-03 13:42:57,654] multiqc                                            [INFO   ]  Template    : default
[2020-04-03 13:42:57,655] multiqc                                            [DEBUG  ]  Running Python 3.6.8 (default, Mar 14 2019, 16:13:09)  [GCC 4.8.5 20150623 (Red Hat 4.8.5-36)]
[2020-04-03 13:42:57,655] multiqc                                            [INFO   ]  Searching   : /domus/h1/alvaa/private/RNA/01_quality_raw_reads
[2020-04-03 13:42:57,656] multiqc                                            [DEBUG  ]  Analysing modules: custom_content, conpair, peddy, methylQA, phantompeakqualtools, qualimap, preseq, quast, qorts, rna_seqc, rsem, rseqc, busco, goleft_indexcov, disambiguate, supernova, deeptools, sargasso, verifybamid, mirtrace, happy, homer, macs2, theta2, snpeff, gatk, htseq, bcftools, featureCounts, fgbio, dedup, damageprofiler, biobambam2, mtnucratio, picard, prokka, samblaster, samtools, sexdeterrmine, bamtools, jellyfish, vcftools, longranger, stacks, bbmap, bismark, biscuit, hicexplorer, hicup, hicpro, salmon, kallisto, slamdunk, star, hisat2, tophat, bowtie2, bowtie1, kat, leehom, adapterRemoval, clipandmerge, cutadapt, flexbar, trimmomatic, skewer, sortmerna, biobloomtools, fastq_screen, afterqc, fastp, fastqc, minionqc, mosdepth, clusterflow, bcl2fastq, interop, flash, seqyclean
[2020-04-03 13:42:57,656] multiqc                                            [DEBUG  ]  Using temporary directory for creating report: /scratch/13139192/tmphz2r7y77
[2020-04-03 13:42:57,900] multiqc                                            [DEBUG  ]  Ignoring file as matched an ignore pattern: ERR2036629_1_fastqc.html
[2020-04-03 13:42:57,900] multiqc                                            [DEBUG  ]  Ignoring file as matched an ignore pattern: ERR2036629_2_fastqc.html
[2020-04-03 13:42:57,901] multiqc                                            [DEBUG  ]  Ignoring file as matched an ignore pattern: ERR2117290_1_fastqc.html
[2020-04-03 13:42:57,902] multiqc                                            [DEBUG  ]  Ignoring file as matched an ignore pattern: ERR2117290_2_fastqc.html
[2020-04-03 13:43:01,662] multiqc.plots.bargraph                             [DEBUG  ]  Using matplotlib version 3.1.1
[2020-04-03 13:43:01,669] multiqc.plots.linegraph                            [DEBUG  ]  Using matplotlib version 3.1.1
[2020-04-03 13:43:01,681] multiqc                                            [DEBUG  ]  No samples found: custom_content
[2020-04-03 13:43:01,712] multiqc                                            [DEBUG  ]  No samples found: conpair
[2020-04-03 13:43:01,742] multiqc                                            [DEBUG  ]  No samples found: peddy
[2020-04-03 13:43:01,773] multiqc                                            [DEBUG  ]  No samples found: methylQA
[2020-04-03 13:43:01,805] multiqc                                            [DEBUG  ]  No samples found: phantompeakqualtools
[2020-04-03 13:43:01,850] multiqc                                            [DEBUG  ]  No samples found: qualimap
[2020-04-03 13:43:01,895] multiqc                                            [DEBUG  ]  No samples found: preseq
[2020-04-03 13:43:01,933] multiqc                                            [DEBUG  ]  No samples found: quast
[2020-04-03 13:43:01,972] multiqc                                            [DEBUG  ]  No samples found: qorts
[2020-04-03 13:43:02,011] multiqc                                            [DEBUG  ]  No samples found: rna_seqc
[2020-04-03 13:43:02,050] multiqc                                            [DEBUG  ]  No samples found: rsem
[2020-04-03 13:43:02,156] multiqc                                            [DEBUG  ]  No samples found: rseqc
[2020-04-03 13:43:02,195] multiqc                                            [DEBUG  ]  No samples found: busco
[2020-04-03 13:43:02,244] multiqc                                            [DEBUG  ]  No samples found: goleft_indexcov
[2020-04-03 13:43:02,282] multiqc                                            [DEBUG  ]  No samples found: disambiguate
[2020-04-03 13:43:02,328] multiqc                                            [DEBUG  ]  No samples found: supernova
[2020-04-03 13:43:02,435] multiqc                                            [DEBUG  ]  No samples found: deeptools
[2020-04-03 13:43:02,473] multiqc                                            [DEBUG  ]  No samples found: sargasso
[2020-04-03 13:43:02,516] multiqc                                            [DEBUG  ]  No samples found: verifybamid
[2020-04-03 13:43:02,563] multiqc                                            [DEBUG  ]  No samples found: mirtrace
[2020-04-03 13:43:02,604] multiqc                                            [DEBUG  ]  No samples found: happy
[2020-04-03 13:43:02,663] multiqc                                            [DEBUG  ]  No samples found: homer
[2020-04-03 13:43:02,704] multiqc                                            [DEBUG  ]  No samples found: macs2
[2020-04-03 13:43:02,742] multiqc                                            [DEBUG  ]  No samples found: theta2
[2020-04-03 13:43:02,787] multiqc                                            [DEBUG  ]  No samples found: snpeff
[2020-04-03 13:43:02,845] multiqc                                            [DEBUG  ]  No samples found: gatk
[2020-04-03 13:43:02,882] multiqc                                            [DEBUG  ]  No samples found: htseq
[2020-04-03 13:43:02,927] multiqc                                            [DEBUG  ]  No samples found: bcftools
[2020-04-03 13:43:02,963] multiqc                                            [DEBUG  ]  No samples found: featureCounts
[2020-04-03 13:43:03,007] multiqc                                            [DEBUG  ]  No samples found: fgbio
[2020-04-03 13:43:03,045] multiqc                                            [DEBUG  ]  No samples found: dedup
[2020-04-03 13:43:03,083] multiqc                                            [DEBUG  ]  No samples found: damageprofiler
[2020-04-03 13:43:03,232] multiqc                                            [DEBUG  ]  No samples found: biobambam2
[2020-04-03 13:43:03,266] multiqc                                            [DEBUG  ]  No samples found: mtnucratio
[2020-04-03 13:43:03,272] multiqc                                            [DEBUG  ]  No samples found: picard
[2020-04-03 13:43:03,311] multiqc                                            [DEBUG  ]  No samples found: prokka
[2020-04-03 13:43:03,347] multiqc                                            [DEBUG  ]  No samples found: samblaster
[2020-04-03 13:43:03,408] multiqc                                            [DEBUG  ]  No samples found: samtools
[2020-04-03 13:43:03,443] multiqc                                            [DEBUG  ]  No samples found: sexdeterrmine
[2020-04-03 13:43:03,482] multiqc                                            [DEBUG  ]  No samples found: bamtools
[2020-04-03 13:43:03,515] multiqc                                            [DEBUG  ]  No samples found: jellyfish
[2020-04-03 13:43:03,577] multiqc                                            [DEBUG  ]  No samples found: vcftools
[2020-04-03 13:43:03,606] multiqc                                            [DEBUG  ]  No samples found: longranger
[2020-04-03 13:43:03,637] multiqc                                            [DEBUG  ]  No samples found: stacks
[2020-04-03 13:43:03,728] multiqc                                            [DEBUG  ]  No samples found: bbmap
[2020-04-03 13:43:03,754] multiqc                                            [DEBUG  ]  No samples found: bismark
[2020-04-03 13:43:03,794] multiqc                                            [DEBUG  ]  No samples found: biscuit
[2020-04-03 13:43:03,827] multiqc                                            [DEBUG  ]  No samples found: hicexplorer
[2020-04-03 13:43:03,854] multiqc                                            [DEBUG  ]  No samples found: hicup
[2020-04-03 13:43:03,883] multiqc                                            [DEBUG  ]  No samples found: hicpro
[2020-04-03 13:43:03,913] multiqc                                            [DEBUG  ]  No samples found: salmon
[2020-04-03 13:43:03,942] multiqc                                            [DEBUG  ]  No samples found: kallisto
[2020-04-03 13:43:03,972] multiqc                                            [DEBUG  ]  No samples found: slamdunk
[2020-04-03 13:43:03,998] multiqc                                            [DEBUG  ]  No samples found: star
[2020-04-03 13:43:04,027] multiqc                                            [DEBUG  ]  No samples found: hisat2
[2020-04-03 13:43:04,051] multiqc                                            [DEBUG  ]  No samples found: tophat
[2020-04-03 13:43:04,076] multiqc                                            [DEBUG  ]  No samples found: bowtie2
[2020-04-03 13:43:04,099] multiqc                                            [DEBUG  ]  No samples found: bowtie1
[2020-04-03 13:43:04,124] multiqc                                            [DEBUG  ]  No samples found: kat
[2020-04-03 13:43:04,144] multiqc                                            [DEBUG  ]  No samples found: leehom
[2020-04-03 13:43:04,173] multiqc                                            [DEBUG  ]  No samples found: adapterRemoval
[2020-04-03 13:43:04,196] multiqc                                            [DEBUG  ]  No samples found: clipandmerge
[2020-04-03 13:43:04,220] multiqc                                            [DEBUG  ]  No samples found: cutadapt
[2020-04-03 13:43:04,242] multiqc                                            [DEBUG  ]  No samples found: flexbar
[2020-04-03 13:43:04,264] multiqc                                            [DEBUG  ]  No samples found: trimmomatic
[2020-04-03 13:43:04,285] multiqc                                            [DEBUG  ]  No samples found: skewer
[2020-04-03 13:43:04,307] multiqc                                            [DEBUG  ]  No samples found: sortmerna
[2020-04-03 13:43:04,324] multiqc                                            [DEBUG  ]  No samples found: biobloomtools
[2020-04-03 13:43:04,342] multiqc                                            [DEBUG  ]  No samples found: fastq_screen
[2020-04-03 13:43:04,359] multiqc                                            [DEBUG  ]  No samples found: afterqc
[2020-04-03 13:43:04,375] multiqc                                            [DEBUG  ]  No samples found: fastp
[2020-04-03 13:43:04,606] multiqc.modules.fastqc.fastqc                      [INFO   ]  Found 4 reports
[2020-04-03 13:43:04,758] multiqc                                            [DEBUG  ]  No samples found: minionqc
[2020-04-03 13:43:04,769] multiqc                                            [DEBUG  ]  No samples found: mosdepth
[2020-04-03 13:43:04,780] multiqc                                            [DEBUG  ]  No samples found: clusterflow
[2020-04-03 13:43:04,791] multiqc                                            [DEBUG  ]  No samples found: bcl2fastq
[2020-04-03 13:43:04,802] multiqc                                            [DEBUG  ]  No samples found: interop
[2020-04-03 13:43:04,813] multiqc                                            [DEBUG  ]  No samples found: flash
[2020-04-03 13:43:04,824] multiqc                                            [DEBUG  ]  No samples found: seqyclean
[2020-04-03 13:43:04,837] multiqc                                            [INFO   ]  Compressing plot data
[2020-04-03 13:43:04,955] multiqc                                            [INFO   ]  Report      : multiqc_report.html
[2020-04-03 13:43:04,955] multiqc                                            [INFO   ]  Data        : multiqc_data
[2020-04-03 13:43:04,956] multiqc                                            [DEBUG  ]  Moving data file from '/scratch/13139192/tmphz2r7y77/multiqc_data/multiqc_fastqc.txt' to '/domus/h1/alvaa/private/RNA/multiqc_data'
[2020-04-03 13:43:04,958] multiqc                                            [DEBUG  ]  Moving data file from '/scratch/13139192/tmphz2r7y77/multiqc_data/multiqc_qualimap_bamqc_genome_results.txt' to '/domus/h1/alvaa/private/RNA/multiqc_data'
[2020-04-03 13:43:04,960] multiqc                                            [DEBUG  ]  Moving data file from '/scratch/13139192/tmphz2r7y77/multiqc_data/multiqc_data.json' to '/domus/h1/alvaa/private/RNA/multiqc_data'
[2020-04-03 13:43:04,965] multiqc                                            [DEBUG  ]  Moving data file from '/scratch/13139192/tmphz2r7y77/multiqc_data/multiqc_sources.txt' to '/domus/h1/alvaa/private/RNA/multiqc_data'
[2020-04-03 13:43:04,967] multiqc                                            [DEBUG  ]  Moving data file from '/scratch/13139192/tmphz2r7y77/multiqc_data/multiqc_general_stats.txt' to '/domus/h1/alvaa/private/RNA/multiqc_data'
[2020-04-03 13:43:05,249] multiqc                                            [INFO   ]  MultiQC complete
