
The following have been reloaded with a version change:
  1) GCCcore/7.3.0 => GCCcore/8.2.0
  2) HDF5/1.10.2-intel-2018b => HDF5/1.10.5-gompi-2019a
  3) Szip/2.1.1-GCCcore-7.3.0 => Szip/2.1.1-GCCcore-8.2.0
  4) binutils/2.30-GCCcore-7.3.0 => binutils/2.31.1-GCCcore-8.2.0
  5) cURL/7.60.0-GCCcore-7.3.0 => cURL/7.63.0-GCCcore-8.2.0
  6) netCDF/4.6.1-intel-2018b => netCDF/4.6.2-gompi-2019a
  7) zlib/1.2.11-GCCcore-7.3.0 => zlib/1.2.11-GCCcore-8.2.0


The following have been reloaded with a version change:
  1) NCO/4.8.1-foss-2019a => NCO/4.9.2-foss-2019a


The following have been reloaded with a version change:
  1) FFTW/3.3.8-gompi-2019a => FFTW/3.3.4-gompi-2016b
  2) GCC/8.2.0-2.31.1 => GCC/5.4.0-2.26
  3) GCCcore/8.2.0 => GCCcore/5.4.0
  4) OpenBLAS/0.3.5-GCC-8.2.0-2.31.1 => OpenBLAS/0.2.18-GCC-5.4.0-2.26-LAPACK-3.6.1
  5) OpenMPI/3.1.3-GCC-8.2.0-2.31.1 => OpenMPI/1.10.3-GCC-5.4.0-2.26
  6) ScaLAPACK/2.0.2-gompi-2019a-OpenBLAS-0.3.5 => ScaLAPACK/2.0.2-gompi-2016b-OpenBLAS-0.2.18-LAPACK-3.6.1
  7) binutils/2.31.1-GCCcore-8.2.0 => binutils/2.26-GCCcore-5.4.0
  8) foss/2019a => foss/2016b
  9) gompi/2019a => gompi/2016b
 10) hwloc/1.11.11-GCCcore-8.2.0 => hwloc/1.11.3-GCC-5.4.0-2.26
 11) numactl/2.0.12-GCCcore-8.2.0 => numactl/2.0.11-GCC-5.4.0-2.26


The following have been reloaded with a version change:
  1) FFTW/3.3.4-gompi-2016b => FFTW/3.3.8-gompi-2019a
  2) GCC/5.4.0-2.26 => GCC/8.2.0-2.31.1
  3) GCCcore/5.4.0 => GCCcore/8.2.0
  4) OpenBLAS/0.2.18-GCC-5.4.0-2.26-LAPACK-3.6.1 => OpenBLAS/0.3.5-GCC-8.2.0-2.31.1
  5) OpenMPI/1.10.3-GCC-5.4.0-2.26 => OpenMPI/3.1.3-GCC-8.2.0-2.31.1
  6) ScaLAPACK/2.0.2-gompi-2016b-OpenBLAS-0.2.18-LAPACK-3.6.1 => ScaLAPACK/2.0.2-gompi-2019a-OpenBLAS-0.3.5
  7) binutils/2.26-GCCcore-5.4.0 => binutils/2.31.1-GCCcore-8.2.0
  8) foss/2016b => foss/2019a
  9) gompi/2016b => gompi/2019a
 10) hwloc/1.11.3-GCC-5.4.0-2.26 => hwloc/1.11.11-GCCcore-8.2.0
 11) numactl/2.0.11-GCC-5.4.0-2.26 => numactl/2.0.12-GCCcore-8.2.0


The following have been reloaded with a version change:
  1) Boost/1.70.0-gompi-2019a => Boost/1.70.0-iimpi-2019a
  2) GSL/2.5-GCC-8.2.0-2.31.1 => GSL/2.5-iccifort-2019.1.144-GCC-8.2.0-2.31.1
  3) HDF5/1.10.5-gompi-2019a => HDF5/1.10.5-iimpi-2019a
  4) Hypre/2.15.1-foss-2019a => Hypre/2.15.1-intel-2019a
  5) PETSc/3.11.1-foss-2019a => PETSc/3.11.1-intel-2019a
  6) ParMETIS/4.0.3-gompi-2019a => ParMETIS/4.0.3-iimpi-2019a
  7) SCOTCH/6.0.6-gompi-2019a => SCOTCH/6.0.6-iimpi-2019a
  8) SuiteSparse/5.4.0-foss-2019a-METIS-5.1.0 => SuiteSparse/5.4.0-intel-2019a-METIS-5.1.0
  9) deal.II/9.1.1-foss-2019a => deal.II/9.1.1-intel-2019a
 10) icc/2018.3.222-GCC-7.3.0-2.30 => icc/2019.1.144-GCC-8.2.0-2.31.1
 11) iccifort/2018.3.222-GCC-7.3.0-2.30 => iccifort/2019.1.144-GCC-8.2.0-2.31.1
 12) ifort/2018.3.222-GCC-7.3.0-2.30 => ifort/2019.1.144-GCC-8.2.0-2.31.1
 13) iimpi/2018b => iimpi/2019a
 14) imkl/2018.3.222-iimpi-2018b => imkl/2019.1.144-iimpi-2019a
 15) impi/2018.3.222-iccifort-2018.3.222-GCC-7.3.0-2.30 => impi/2018.4.274-iccifort-2019.1.144-GCC-8.2.0-2.31.1
 16) intel/2018b => intel/2019a
 17) netCDF/4.6.2-gompi-2019a => netCDF/4.6.2-iimpi-2019a
 18) p4est/2.2-foss-2019a => p4est/2.2-intel-2019a

/sw/bioinfo/quast/4.5.4/rackham/bin/quast.py -o 02_quality_quast_out -R /domus/h1/alvaa/private/data/reference/OBMB01.fasta -t 2 /domus/h1/alvaa/private/WGS/01_assembly_out/WGS_assembly.contigs.fasta

Version: 4.5.4

System information:
  OS: Linux-3.10.0-1062.12.1.el7.x86_64-x86_64-with-centos-7.7.1908-Core (linux_64)
  Python version: 2.7.6
  CPUs number: 20

Started: 2020-03-31 13:17:42

Logging to /domus/h1/alvaa/private/WGS/02_quality_quast_out/quast.log

CWD: /domus/h1/alvaa/private/WGS
Main parameters: 
  Threads: 2, minimum contig length: 500, ambiguity: one, threshold for extensive misassembly size: 1000

WARNING: Can't draw plots: python-matplotlib is missing or corrupted.

Reference:
  /domus/h1/alvaa/private/data/reference/OBMB01.fasta ==> OBMB01

Contigs:
  Pre-processing...
  /domus/h1/alvaa/private/WGS/01_assembly_out/WGS_assembly.contigs.fasta ==> WGS_assembly.contigs

2020-03-31 13:17:44
Running Basic statistics processor...
  Reference genome:
    OBMB01.fasta, length = 2610531, num fragments = 2, GC % = 54.14
  Contig files: 
    WGS_assembly.contigs
  Calculating N50 and L50...
    WGS_assembly.contigs, N50 = 2563357, L50 = 1, Total length = 2636043, GC % = 54.06, # N's per 100 kbp =  0.00
Done.

2020-03-31 13:17:44
Running Contig analyzer...
  WGS_assembly.contigs
  Logging to files /domus/h1/alvaa/private/WGS/02_quality_quast_out/contigs_reports/contigs_report_WGS_assembly-contigs.stdout and contigs_report_WGS_assembly-contigs.stderr...
  Aligning contigs to the reference
  MUMmer plot saved to /domus/h1/alvaa/private/WGS/02_quality_quast_out/contigs_reports/WGS_assembly-contigs_mummerplot.html
  Analysis is finished.
  Gzipping /domus/h1/alvaa/private/WGS/02_quality_quast_out/contigs_reports/nucmer_output/WGS_assembly-contigs.all_snps to reduce disk space usage...
    saved to /domus/h1/alvaa/private/WGS/02_quality_quast_out/contigs_reports/nucmer_output/WGS_assembly-contigs.all_snps.gz
  Creating total report...
    saved to /domus/h1/alvaa/private/WGS/02_quality_quast_out/contigs_reports/misassemblies_report.txt, misassemblies_report.tsv, and misassemblies_report.tex
  Transposed version of total report...
    saved to /domus/h1/alvaa/private/WGS/02_quality_quast_out/contigs_reports/transposed_report_misassemblies.txt, transposed_report_misassemblies.tsv, and transposed_report_misassemblies.tex
  Creating total report...
    saved to /domus/h1/alvaa/private/WGS/02_quality_quast_out/contigs_reports/unaligned_report.txt, unaligned_report.tsv, and unaligned_report.tex
Done.

2020-03-31 13:17:51
Running NA-NGA calculation...
  WGS_assembly.contigs, Largest alignment = 1463673, NA50 = 1463673, NGA50 = 1463673, LA50 = 1, LGA50 = 1
Done.

2020-03-31 13:17:51
Running Genome analyzer...
  NOTICE: No file with genes provided. Use the -G option if you want to specify it.
  NOTICE: No file with operons provided. Use the -O option if you want to specify it.
  WGS_assembly.contigs
  Analysis is finished.
Done.

NOTICE: Genes are not predicted by default. Use --gene-finding option to enable it.

2020-03-31 13:17:52
Creating large visual summaries...
This may take a while: press Ctrl-C to skip this step..
  1 of 1: Creating Icarus viewers...
Done

2020-03-31 13:17:52
RESULTS:
  Text versions of total report are saved to /domus/h1/alvaa/private/WGS/02_quality_quast_out/report.txt, report.tsv, and report.tex
  Text versions of transposed total report are saved to /domus/h1/alvaa/private/WGS/02_quality_quast_out/transposed_report.txt, transposed_report.tsv, and transposed_report.tex
  HTML version (interactive tables and plots) saved to /domus/h1/alvaa/private/WGS/02_quality_quast_out/report.html
  Icarus (contig browser) is saved to /domus/h1/alvaa/private/WGS/02_quality_quast_out/icarus.html
  Log saved to /domus/h1/alvaa/private/WGS/02_quality_quast_out/quast.log

Finished: 2020-03-31 13:17:52
Elapsed time: 0:00:10.594217
NOTICEs: 3; WARNINGs: 1; non-fatal ERRORs: 0

Thank you for using QUAST!
